Arguments: 
  C:\Program Files\nodejs\node.exe C:\Users\kiiek\AppData\Roaming\npm\node_modules\yarn\bin\yarn.js add jest ts-jest @nestjs/testing @nestjs/jest

PATH: 
  C:\Users\kiiek\bin;C:\Program Files\Git\mingw64\bin;C:\Program Files\Git\usr\local\bin;C:\Program Files\Git\usr\bin;C:\Program Files\Git\usr\bin;C:\Program Files\Git\mingw64\bin;C:\Program Files\Git\usr\bin;C:\Users\kiiek\bin;C:\Program Files (x86)\Common Files\Oracle\Java\javapath;C:\Windows\system32;C:\Windows;C:\Windows\System32\Wbem;C:\Windows\System32\WindowsPowerShell\v1.0;C:\Windows\System32\OpenSSH;C:\Program Files\NVIDIA Corporation\NVIDIA NvDLISR;C:\WINDOWS\system32;C:\WINDOWS;C:\WINDOWS\System32\Wbem;C:\WINDOWS\System32\WindowsPowerShell\v1.0;C:\WINDOWS\System32\OpenSSH;C:\Program Files\dotnet;C:\Program Files\nodejs;C:\Program Files (x86)\NVIDIA Corporation\PhysX\Common;C:\Program Files\Git\cmd;C:\Program Files\Docker\Docker\resources\bin;C:\Program Files\Microsoft SQL Server\150\Tools\Binn;C:\Program Files\Microsoft SQL Server\Client SDK\ODBC\170\Tools\Binn;C:\Users\kiiek\AppData\Local\Microsoft\WindowsApps;C:\Users\kiiek\AppData\Local\Programs\Microsoft VS Code\bin;C:\Users\kiiek\AppData\Roaming\npm;C:\Program Files\heroku\bin;C:\Users\kiiek\.dotnet\tools;C:\Program Files\Git\usr\bin\vendor_perl;C:\Program Files\Git\usr\bin\core_perl

Yarn version: 
  1.22.19

Node version: 
  16.14.0

Platform: 
  win32 x64

Trace: 
  Error: http://54.179.229.80:4873/@nestjs%2fjest: no such package available
      at Request.params.callback [as _callback] (C:\Users\kiiek\AppData\Roaming\npm\node_modules\yarn\lib\cli.js:66145:18)
      at Request.self.callback (C:\Users\kiiek\AppData\Roaming\npm\node_modules\yarn\lib\cli.js:140890:22)
      at Request.emit (node:events:520:28)
      at Request.<anonymous> (C:\Users\kiiek\AppData\Roaming\npm\node_modules\yarn\lib\cli.js:141862:10)
      at Request.emit (node:events:520:28)
      at IncomingMessage.<anonymous> (C:\Users\kiiek\AppData\Roaming\npm\node_modules\yarn\lib\cli.js:141784:12)
      at Object.onceWrapper (node:events:639:28)
      at IncomingMessage.emit (node:events:532:35)
      at endReadableNT (node:internal/streams/readable:1346:12)
      at processTicksAndRejections (node:internal/process/task_queues:83:21)

npm manifest: 
  {
    "name": "service-be",
    "version": "1.0.0",
    "description": "",
    "main": "index.js",
    "scripts": {
      "start": "tsc && node dist/app.js",
      "test": "echo \"Error: no test specified\" && exit 1",
      "seed": "tsc && node dist/seed.js",
      "docker": "docker run -d --name my-mongodb-container -p 27017:27017 mongo"
    },
    "keywords": [],
    "author": "",
    "license": "ISC",
    "dependencies": {
      "@types/bcrypt": "^5.0.2",
      "@types/express": "^4.17.21",
      "@types/jsonwebtoken": "^9.0.5",
      "@types/mongoose": "^5.11.97",
      "@types/node": "^20.10.0",
      "bcrypt": "^5.1.1",
      "cors": "^2.8.5",
      "express": "^4.18.2",
      "jsonwebtoken": "^9.0.2",
      "mongoose": "^8.0.1",
      "ts-node": "^10.9.1",
      "typescript": "^5.3.2"
    },
    "devDependencies": {
      "@types/cors": "^2.8.17",
      "jest": "^29.7.0"
    }
  }

yarn manifest: 
  No manifest

Lockfile: 
  No lockfile
